2018-07-04 10:52:05,415- Thread:[11] - Level:INFO  - From: NSLog.Logger.Info - Message: 
>>> Employee Login Start
[ ------------------------------------------------------------------------------------------------ ]
{"Email":"tunxktl@gmail.com","Password":"123","RememberMe":false,"ReturnUrl":null,"LanguageId":null}
[ ------------------------------------------------------------------------------------------------ ]

2018-07-04 10:52:06,607- Thread:[11] - Level:INFO  - From: NSLog.Logger.Info - Message: 
>>> Employee Login Done
[ ------------------------------------------------------------------------------------------------ ]
{"EmployeeID":"b35f78d3-7e1c-4fa1-a559-359hjlc74db0","EmployeeName":"Kenshin Tu","EmployeeEmail":"tunxktl@gmail.com","EmployeeImageURL":"","IsSupperAdmin":false,"RoleID":null,"RoleName":null}
[ ------------------------------------------------------------------------------------------------ ]

2018-07-04 10:53:01,953- Thread:[11] - Level:INFO  - From: NSLog.Logger.Info - Message: 
>>> Employee Login Start
[ ------------------------------------------------------------------------------------------------ ]
{"Email":"admin@gmail.com","Password":"123","RememberMe":false,"ReturnUrl":null,"LanguageId":null}
[ ------------------------------------------------------------------------------------------------ ]

2018-07-04 10:53:01,966- Thread:[11] - Level:INFO  - From: NSLog.Logger.Info - Message: 
>>> Employee Login Done
[ ------------------------------------------------------------------------------------------------ ]
{"EmployeeID":"b35f78d3-7e1c-4fa1-a559-746hjlc74db0","EmployeeName":"Nghiêm Xuân T?","EmployeeEmail":"admin@gmail.com","EmployeeImageURL":"","IsSupperAdmin":true,"RoleID":null,"RoleName":null}
[ ------------------------------------------------------------------------------------------------ ]

2018-07-04 12:59:54,073- Thread:[8] - Level:INFO  - From: NSLog.Logger.Info - Message: 
>>> Employee Login Start
[ ------------------------------------------------------------------------------------------------ ]
{"Email":"admin@gmail.com","Password":"123","RememberMe":false,"ReturnUrl":null,"LanguageId":null}
[ ------------------------------------------------------------------------------------------------ ]

2018-07-04 13:00:02,489- Thread:[8] - Level:INFO  - From: NSLog.Logger.Info - Message: 
>>> Employee Login Done
[ ------------------------------------------------------------------------------------------------ ]
{"EmployeeID":"b35f78d3-7e1c-4fa1-a559-746hjlc74db0","EmployeeName":"Nghiêm Xuân T?","EmployeeEmail":"admin@gmail.com","EmployeeImageURL":"","IsSupperAdmin":true,"RoleID":null,"RoleName":null}
[ ------------------------------------------------------------------------------------------------ ]

2018-07-04 13:02:01,744- Thread:[26] - Level:INFO  - From: NSLog.Logger.Info - Message: 
>>> CrawlData:
[ ------------------------------------------------------------------------------------------------ ]
"36ee132f-1ccc-4ea9-9d2e-3895c9e7e6f4"
[ ------------------------------------------------------------------------------------------------ ]

2018-07-04 13:02:03,729- Thread:[26] - Level:INFO  - From: NSLog.Logger.Info - Message: 
>>> CreateOrUpdatePin
[ ------------------------------------------------------------------------------------------------ ]
"36ee132f-1ccc-4ea9-9d2e-3895c9e7e6f4"
[ ------------------------------------------------------------------------------------------------ ]

2018-07-04 13:02:03,828- Thread:[26] - Level:INFO  - From: NSLog.Logger.Info - Message: 
>>> ResponseCreateOrUpdatePin:36ee132f-1ccc-4ea9-9d2e-3895c9e7e6f4
[ ------------------------------------------------------------------------------------------------ ]
true
[ ------------------------------------------------------------------------------------------------ ]

2018-07-04 13:02:03,885- Thread:[26] - Level:INFO  - From: NSLog.Logger.Info - Message: 
>>> ResponseCrawlData: 36ee132f-1ccc-4ea9-9d2e-3895c9e7e6f4
[ ------------------------------------------------------------------------------------------------ ]
true
[ ------------------------------------------------------------------------------------------------ ]

2018-07-04 13:03:02,869- Thread:[28] - Level:INFO  - From: NSLog.Logger.Info - Message: 
>>> CrawlData:
[ ------------------------------------------------------------------------------------------------ ]
"36ee132f-1ccc-4ea9-9d2e-3895c9e7e6f4"
[ ------------------------------------------------------------------------------------------------ ]

2018-07-04 13:03:02,887- Thread:[28] - Level:INFO  - From: NSLog.Logger.Info - Message: 
>>> ResponseCrawlData: 36ee132f-1ccc-4ea9-9d2e-3895c9e7e6f4
[ ------------------------------------------------------------------------------------------------ ]
true
[ ------------------------------------------------------------------------------------------------ ]

2018-07-04 13:53:55,191- Thread:[9] - Level:INFO  - From: NSLog.Logger.Info - Message: 
>>> Employee Login Start
[ ------------------------------------------------------------------------------------------------ ]
{"Email":"admin@gmail.com","Password":"123","RememberMe":false,"ReturnUrl":null,"LanguageId":null}
[ ------------------------------------------------------------------------------------------------ ]

2018-07-04 13:54:01,021- Thread:[9] - Level:INFO  - From: NSLog.Logger.Info - Message: 
>>> Employee Login Done
[ ------------------------------------------------------------------------------------------------ ]
{"EmployeeID":"b35f78d3-7e1c-4fa1-a559-746hjlc74db0","EmployeeName":"Nghiêm Xuân T?","EmployeeEmail":"admin@gmail.com","EmployeeImageURL":"","IsSupperAdmin":true,"RoleID":null,"RoleName":null}
[ ------------------------------------------------------------------------------------------------ ]

2018-07-04 14:12:22,799- Thread:[24] - Level:INFO  - From: NSLog.Logger.Info - Message: 
>>> CrawlData:
[ ------------------------------------------------------------------------------------------------ ]
"36ee132f-1ccc-4ea9-9d2e-3895c9e7e6f4"
[ ------------------------------------------------------------------------------------------------ ]

2018-07-04 14:13:00,270- Thread:[24] - Level:ERROR - From: NSLog.Logger.Error - Message: 
<<< CrawlerFB Detail
[ ************************************************************************************************ ]
{"ClassName":"System.NullReferenceException","Message":"Object reference not set to an instance of an object.","Data":null,"InnerException":null,"HelpURL":null,"StackTraceString":"   at CMS_Shared.Utilities.CrawlerHelperFB.findNode(String input, String key, Int32 start, String fb_id, PinsModels& pin) in D:\\My Outsource\\FBToolVer2\\CMS-Shared\\Utilities\\CrawlerHelperFB.cs:line 182\r\n   at CMS_Shared.Utilities.CrawlerHelperFB.findNode(String input, String key, Int32 start, String fb_id, PinsModels& pin) in D:\\My Outsource\\FBToolVer2\\CMS-Shared\\Utilities\\CrawlerHelperFB.cs:line 208\r\n   at CMS_Shared.Utilities.CrawlerHelperFB.findNode(String input, String key, Int32 start, String fb_id, PinsModels& pin) in D:\\My Outsource\\FBToolVer2\\CMS-Shared\\Utilities\\CrawlerHelperFB.cs:line 208\r\n   at CMS_Shared.Utilities.CrawlerHelperFB.findNode(String input, String key, Int32 start, String fb_id, PinsModels& pin) in D:\\My Outsource\\FBToolVer2\\CMS-Shared\\Utilities\\CrawlerHelperFB.cs:line 208\r\n   at CMS_Shared.Utilities.CrawlerHelperFB.findNode(String input, String key, Int32 start, String fb_id, PinsModels& pin) in D:\\My Outsource\\FBToolVer2\\CMS-Shared\\Utilities\\CrawlerHelperFB.cs:line 208\r\n   at CMS_Shared.Utilities.CrawlerHelperFB.findNode(String input, String key, Int32 start, String fb_id, PinsModels& pin) in D:\\My Outsource\\FBToolVer2\\CMS-Shared\\Utilities\\CrawlerHelperFB.cs:line 208\r\n   at CMS_Shared.Utilities.CrawlerHelperFB.findNode(String input, String key, Int32 start, String fb_id, PinsModels& pin) in D:\\My Outsource\\FBToolVer2\\CMS-Shared\\Utilities\\CrawlerHelperFB.cs:line 208\r\n   at CMS_Shared.Utilities.CrawlerHelperFB.findNode(String input, String key, Int32 start, String fb_id, PinsModels& pin) in D:\\My Outsource\\FBToolVer2\\CMS-Shared\\Utilities\\CrawlerHelperFB.cs:line 208\r\n   at CMS_Shared.Utilities.CrawlerHelperFB.CrawlerFBDetail(String Url, String fb_id, PinsModels& pin) in D:\\My Outsource\\FBToolVer2\\CMS-Shared\\Utilities\\CrawlerHelperFB.cs:line 165","RemoteStackTraceString":null,"RemoteStackIndex":0,"ExceptionMethod":"8\nfindNode\nCMS-Shared, Version=1.0.0.0, Culture=neutral, PublicKeyToken=null\nCMS_Shared.Utilities.CrawlerHelperFB\nVoid findNode(System.String, System.String, Int32, System.String, CMS_DTO.CMSCrawler.PinsModels ByRef)","HResult":-2147467261,"Source":"CMS-Shared","WatsonBuckets":null}
[ ************************************************************************************************ ]

2018-07-04 14:13:04,810- Thread:[24] - Level:ERROR - From: NSLog.Logger.Error - Message: 
<<< CrawlerFB Detail
[ ************************************************************************************************ ]
{"ClassName":"System.NullReferenceException","Message":"Object reference not set to an instance of an object.","Data":null,"InnerException":null,"HelpURL":null,"StackTraceString":"   at CMS_Shared.Utilities.CrawlerHelperFB.findNode(String input, String key, Int32 start, String fb_id, PinsModels& pin) in D:\\My Outsource\\FBToolVer2\\CMS-Shared\\Utilities\\CrawlerHelperFB.cs:line 182\r\n   at CMS_Shared.Utilities.CrawlerHelperFB.findNode(String input, String key, Int32 start, String fb_id, PinsModels& pin) in D:\\My Outsource\\FBToolVer2\\CMS-Shared\\Utilities\\CrawlerHelperFB.cs:line 208\r\n   at CMS_Shared.Utilities.CrawlerHelperFB.findNode(String input, String key, Int32 start, String fb_id, PinsModels& pin) in D:\\My Outsource\\FBToolVer2\\CMS-Shared\\Utilities\\CrawlerHelperFB.cs:line 208\r\n   at CMS_Shared.Utilities.CrawlerHelperFB.findNode(String input, String key, Int32 start, String fb_id, PinsModels& pin) in D:\\My Outsource\\FBToolVer2\\CMS-Shared\\Utilities\\CrawlerHelperFB.cs:line 208\r\n   at CMS_Shared.Utilities.CrawlerHelperFB.findNode(String input, String key, Int32 start, String fb_id, PinsModels& pin) in D:\\My Outsource\\FBToolVer2\\CMS-Shared\\Utilities\\CrawlerHelperFB.cs:line 208\r\n   at CMS_Shared.Utilities.CrawlerHelperFB.findNode(String input, String key, Int32 start, String fb_id, PinsModels& pin) in D:\\My Outsource\\FBToolVer2\\CMS-Shared\\Utilities\\CrawlerHelperFB.cs:line 208\r\n   at CMS_Shared.Utilities.CrawlerHelperFB.findNode(String input, String key, Int32 start, String fb_id, PinsModels& pin) in D:\\My Outsource\\FBToolVer2\\CMS-Shared\\Utilities\\CrawlerHelperFB.cs:line 208\r\n   at CMS_Shared.Utilities.CrawlerHelperFB.findNode(String input, String key, Int32 start, String fb_id, PinsModels& pin) in D:\\My Outsource\\FBToolVer2\\CMS-Shared\\Utilities\\CrawlerHelperFB.cs:line 208\r\n   at CMS_Shared.Utilities.CrawlerHelperFB.CrawlerFBDetail(String Url, String fb_id, PinsModels& pin) in D:\\My Outsource\\FBToolVer2\\CMS-Shared\\Utilities\\CrawlerHelperFB.cs:line 165","RemoteStackTraceString":null,"RemoteStackIndex":0,"ExceptionMethod":"8\nfindNode\nCMS-Shared, Version=1.0.0.0, Culture=neutral, PublicKeyToken=null\nCMS_Shared.Utilities.CrawlerHelperFB\nVoid findNode(System.String, System.String, Int32, System.String, CMS_DTO.CMSCrawler.PinsModels ByRef)","HResult":-2147467261,"Source":"CMS-Shared","WatsonBuckets":null}
[ ************************************************************************************************ ]

2018-07-04 14:13:04,827- Thread:[24] - Level:INFO  - From: NSLog.Logger.Info - Message: 
>>> CreateOrUpdatePin
[ ------------------------------------------------------------------------------------------------ ]
"36ee132f-1ccc-4ea9-9d2e-3895c9e7e6f4"
[ ------------------------------------------------------------------------------------------------ ]

2018-07-04 14:13:05,081- Thread:[24] - Level:ERROR - From: NSLog.Logger.Error - Message: 
<<< ErrorCreateOrUpdatePin:36ee132f-1ccc-4ea9-9d2e-3895c9e7e6f4
[ ************************************************************************************************ ]
{"ClassName":"System.InvalidOperationException","Message":"Sequence contains no elements","Data":null,"InnerException":null,"HelpURL":null,"StackTraceString":"   at System.Linq.Enumerable.First[TSource](IEnumerable`1 source)\r\n   at CMS_Shared.CMSEmployees.CMSPinFactory.CreateOrUpdate(List`1 lstPin, String KeyWordID, String createdBy, String& msg) in D:\\My Outsource\\FBToolVer2\\CMS-Shared\\CMSPins\\CMSPinFactory.cs:line 56","RemoteStackTraceString":null,"RemoteStackIndex":0,"ExceptionMethod":"8\nFirst\nSystem.Core, Version=4.0.0.0, Culture=neutral, PublicKeyToken=b77a5c561934e089\nSystem.Linq.Enumerable\nTSource First[TSource](System.Collections.Generic.IEnumerable`1[TSource])","HResult":-2146233079,"Source":"System.Core","WatsonBuckets":null}
[ ************************************************************************************************ ]

2018-07-04 14:13:05,101- Thread:[24] - Level:INFO  - From: NSLog.Logger.Info - Message: 
>>> ResponseCreateOrUpdatePin:36ee132f-1ccc-4ea9-9d2e-3895c9e7e6f4
[ ------------------------------------------------------------------------------------------------ ]
false
[ ------------------------------------------------------------------------------------------------ ]

2018-07-04 14:13:05,127- Thread:[24] - Level:INFO  - From: NSLog.Logger.Info - Message: 
>>> ResponseCrawlData: 36ee132f-1ccc-4ea9-9d2e-3895c9e7e6f4
[ ------------------------------------------------------------------------------------------------ ]
false
[ ------------------------------------------------------------------------------------------------ ]

2018-07-04 16:01:22,044- Thread:[8] - Level:INFO  - From: NSLog.Logger.Info - Message: 
>>> Employee Login Start
[ ------------------------------------------------------------------------------------------------ ]
{"Email":"admin@gmail.com","Password":"123","RememberMe":false,"ReturnUrl":null,"LanguageId":null}
[ ------------------------------------------------------------------------------------------------ ]

2018-07-04 16:01:23,910- Thread:[8] - Level:INFO  - From: NSLog.Logger.Info - Message: 
>>> Employee Login Done
[ ------------------------------------------------------------------------------------------------ ]
{"EmployeeID":"b35f78d3-7e1c-4fa1-a559-746hjlc74db0","EmployeeName":"Nghiêm Xuân T?","EmployeeEmail":"admin@gmail.com","EmployeeImageURL":"","IsSupperAdmin":true,"RoleID":null,"RoleName":null}
[ ------------------------------------------------------------------------------------------------ ]

